<?xml version="1.0" encoding="UTF-8"?>
<!-- Generated by org.testng.reporters.JUnitXMLReporter -->
<testsuite hostname="ZSHOP-LP-57" ignored="0" name="Default test" tests="5" failures="0" timestamp="26 Dec 2018 09:07:02 GMT" time="78.803" errors="0">
  <testcase name="validateEzmalogo" time="0.077" classname="com.website.ezmall.qa.pageTest.HomePageTest"/>
  <testcase name="validateSearchFuntionalityTest" time="13.684" classname="com.website.ezmall.qa.pageTest.HomePageTest"/>
  <testcase name="validateSearchFuntionalityTest" time="13.063" classname="com.website.ezmall.qa.pageTest.HomePageTest"/>
  <testcase name="validateLoginFunctionalityTest" time="6.363" classname="com.website.ezmall.qa.pageTest.HomePageTest"/>
  <testcase name="validateLoginFunctionalityTest" time="6.766" classname="com.website.ezmall.qa.pageTest.HomePageTest"/>
</testsuite> <!-- Default test -->
