<?xml version="1.0" encoding="UTF-8"?>
<!-- Generated by org.testng.reporters.JUnitXMLReporter -->
<testsuite hostname="ZSHOP-LP-57" ignored="0" name="WebSite buyflow Test" tests="4" failures="0" timestamp="21 Dec 2018 20:41:51 GMT" time="58.098" errors="0">
  <testcase name="validateEzmalogo" time="0.079" classname="com.website.ezmall.qa.pageTest.HomePageTest"/>
  <testcase name="validateLoginFunctionalityTest" time="6.378" classname="com.website.ezmall.qa.pageTest.HomePageTest"/>
  <testcase name="validateSearchFuntionalityTest" time="13.661" classname="com.website.ezmall.qa.pageTest.HomePageTest"/>
  <testcase name="validateSearchKeywordonSearchListingPageTest" time="0.134" classname="com.website.ezmall.qa.pageTest.SearchListingpageTest"/>
</testsuite> <!-- WebSite buyflow Test -->
