<?xml version="1.0" encoding="UTF-8"?>
<!-- Generated by org.testng.reporters.JUnitXMLReporter -->
<testsuite hostname="ZSHOP-LP-57" ignored="0" name="WebSite Test" tests="6" failures="0" timestamp="25 Dec 2018 20:06:07 GMT" time="99.269" errors="0">
  <testcase name="validateSearchKeywordonSearchListingPageTest" time="0.139" classname="com.website.ezmall.qa.pageTest.SearchListingpageTest"/>
  <testcase name="validateEzmalogo" time="0.043" classname="com.website.ezmall.qa.pageTest.HomePageTest"/>
  <testcase name="validateSearchFuntionalityTest" time="17.171" classname="com.website.ezmall.qa.pageTest.HomePageTest"/>
  <testcase name="validateSearchFuntionalityTest" time="12.713" classname="com.website.ezmall.qa.pageTest.HomePageTest"/>
  <testcase name="validateLoginFunctionalityTest" time="6.537" classname="com.website.ezmall.qa.pageTest.HomePageTest"/>
  <testcase name="validateLoginFunctionalityTest" time="6.188" classname="com.website.ezmall.qa.pageTest.HomePageTest"/>
</testsuite> <!-- WebSite Test -->
