<?xml version="1.0" encoding="UTF-8"?>
<testng-results skipped="0" failed="0" ignored="0" total="1" passed="1">
  <reporter-output>
  </reporter-output>
  <suite name="Command line suite" duration-ms="23568" started-at="2018-12-25T19:57:35Z" finished-at="2018-12-25T19:57:59Z">
    <groups>
    </groups>
    <test name="Command line test" duration-ms="23568" started-at="2018-12-25T19:57:35Z" finished-at="2018-12-25T19:57:59Z">
      <class name="com.website.ezmall.qa.pageTest.SearchListingpageTest">
        <test-method status="PASS" signature="setUp()[pri:0, instance:com.website.ezmall.qa.pageTest.SearchListingpageTest@6b143ee9]" name="setUp" is-config="true" duration-ms="21007" started-at="2018-12-25T19:57:35Z" finished-at="2018-12-25T19:57:56Z">
          <reporter-output>
          </reporter-output>
        </test-method> <!-- setUp -->
        <test-method status="PASS" signature="validateSearchKeywordonSearchListingPageTest()[pri:0, instance:com.website.ezmall.qa.pageTest.SearchListingpageTest@6b143ee9]" name="validateSearchKeywordonSearchListingPageTest" duration-ms="1617" started-at="2018-12-25T19:57:56Z" finished-at="2018-12-25T19:57:58Z">
          <reporter-output>
          </reporter-output>
        </test-method> <!-- validateSearchKeywordonSearchListingPageTest -->
        <test-method status="PASS" signature="teardown()[pri:0, instance:com.website.ezmall.qa.pageTest.SearchListingpageTest@6b143ee9]" name="teardown" is-config="true" duration-ms="908" started-at="2018-12-25T19:57:58Z" finished-at="2018-12-25T19:57:59Z">
          <reporter-output>
          </reporter-output>
        </test-method> <!-- teardown -->
      </class> <!-- com.website.ezmall.qa.pageTest.SearchListingpageTest -->
    </test> <!-- Command line test -->
  </suite> <!-- Command line suite -->
</testng-results>
